<?xml version="1.0" encoding="UTF-8"?>
<!-- Generated by org.testng.reporters.JUnitXMLReporter -->
<testsuite ignored="0" hostname="INLEN8520080655" failures="0" tests="5" name="Default test" time="115.303" errors="0" timestamp="2023-03-04T10:06:28 IST">
  <testcase classname="com.demo.PayBackSearch.SearchtestNG" name="Iwishto" time="7.294"/>
  <testcase classname="com.demo.PayBackSearch.SearchtestNG" name="selectEarnPointsOption" time="18.728"/>
  <testcase classname="com.demo.PayBackSearch.SearchtestNG" name="clickSearchButton" time="26.115"/>
  <testcase classname="com.demo.PayBackSearch.SearchtestNG" name="checkbox" time="36.469"/>
  <testcase classname="com.demo.PayBackSearch.SearchtestNG" name="sorting" time="26.64"/>
</testsuite> <!-- Default test -->
